Using pre-set license
Built from '2020.2/release' branch; Version is '2020.2.4f1 (becced5a802b) revision 12504301'; Using compiler version '192528614'; Build Type 'Release'
OS: 'Windows 10 Home; OS build 19042.867; Version 2009; 64bit' Language: 'tr' Physical Memory: 16322 MB
BatchMode: 1, IsHumanControllingUs: 0, StartBugReporterOnCrash: 0, Is64bit: 1, IsPro: 0

 COMMAND LINE ARGUMENTS:
C:\Program Files\Unity\Hub\Editor\2020.2.4f1\Editor\Unity.exe
-adb2
-batchMode
-noUpm
-name
AssetImportWorker0
-projectPath
D:/Projeler/Unity/Glitch-Garden
-logFile
Logs/AssetImportWorker0.log
-srvPort
50299
Successfully changed project path to: D:/Projeler/Unity/Glitch-Garden
D:/Projeler/Unity/Glitch-Garden
Using Asset Import Pipeline V2.
Refreshing native plugins compatible for Editor in 31.15 ms, found 1 plugins.
Preloading 0 native plugins for Editor in 0.00 ms.
Initialize engine version: 2020.2.4f1 (becced5a802b)
[Subsystems] Discovering subsystems at path C:/Program Files/Unity/Hub/Editor/2020.2.4f1/Editor/Data/Resources/UnitySubsystems
[Subsystems] Discovering subsystems at path D:/Projeler/Unity/Glitch-Garden/Assets
GfxDevice: creating device client; threaded=0
Direct3D:
    Version:  Direct3D 11.0 [level 11.1]
    Renderer: AMD Radeon RX 5600 XT (ID=0x731f)
    Vendor:   
    VRAM:     6104 MB
    Driver:   27.20.14533.1000
Initialize mono
Mono path[0] = 'C:/Program Files/Unity/Hub/Editor/2020.2.4f1/Editor/Data/Managed'
Mono path[1] = 'C:/Program Files/Unity/Hub/Editor/2020.2.4f1/Editor/Data/MonoBleedingEdge/lib/mono/unityjit'
Mono config path = 'C:/Program Files/Unity/Hub/Editor/2020.2.4f1/Editor/Data/MonoBleedingEdge/etc'
Using monoOptions --debugger-agent=transport=dt_socket,embedding=1,server=y,suspend=n,address=127.0.0.1:56324
Begin MonoManager ReloadAssembly
Registering precompiled unity dll's ...
Register platform support module: C:/Program Files/Unity/Hub/Editor/2020.2.4f1/Editor/Data/PlaybackEngines/WindowsStandaloneSupport/UnityEditor.WindowsStandalone.Extensions.dll
Registered in 0.001484 seconds.
Native extension for WindowsStandalone target not found
Refreshing native plugins compatible for Editor in 31.27 ms, found 1 plugins.
Preloading 0 native plugins for Editor in 0.00 ms.
Invoked RoslynAnalysisRunner static constructor.
RoslynAnalysisRunner will not be running.
RoslynAnalysisRunner has terminated.
Mono: successfully reloaded assembly
- Completed reload, in  1.407 seconds
Platform modules already initialized, skipping
Registering precompiled user dll's ...
Registered in 0.000792 seconds.
Begin MonoManager ReloadAssembly
Native extension for WindowsStandalone target not found
Refreshing native plugins compatible for Editor in 50.77 ms, found 1 plugins.
Preloading 0 native plugins for Editor in 0.00 ms.
Invoked RoslynAnalysisRunner static constructor.
RoslynAnalysisRunner will not be running.
RoslynAnalysisRunner has terminated.
Mono: successfully reloaded assembly
- Completed reload, in  0.807 seconds
Platform modules already initialized, skipping
========================================================================
Worker process is ready to serve import requests
Launched and connected shader compiler UnityShaderCompiler.exe after 0.03 seconds
Refreshing native plugins compatible for Editor in 0.31 ms, found 1 plugins.
Preloading 0 native plugins for Editor in 0.00 ms.
Unloading 1790 Unused Serialized files (Serialized files now loaded: 0)
System memory in use before: 84.4 MB.
System memory in use after: 84.5 MB.

Unloading 19 unused Assets to reduce memory usage. Loaded Objects now: 2239.
Total: 1.822400 ms (FindLiveObjects: 0.199700 ms CreateObjectMapping: 0.098800 ms MarkObjects: 1.471100 ms  DeleteObjects: 0.051300 ms)

========================================================================
Received Import Request.
  path: Assets/Prefabs/Projectiles/Zucchini.prefab
  artifactKey: Guid(208b78effda7ac944b539db99bc75459) Importer(815301076,1909f56bfc062723c751e8b465ee728b)
Start importing Assets/Prefabs/Projectiles/Zucchini.prefab using Guid(208b78effda7ac944b539db99bc75459) Importer(815301076,1909f56bfc062723c751e8b465ee728b)  -> (artifact id: '0213b8c6e3c4dae4bb8e62cca1d5429a') in 0.108101 seconds
  Import took 0.110703 seconds .

========================================================================
Received Import Request.
  Time since last request: 19.449851 seconds.
  path: Assets/Prefabs/Core Game
  artifactKey: Guid(a17810cfd33ca0345a46c8603702cde3) Importer(815301076,1909f56bfc062723c751e8b465ee728b)
Start importing Assets/Prefabs/Core Game using Guid(a17810cfd33ca0345a46c8603702cde3) Importer(815301076,1909f56bfc062723c751e8b465ee728b)  -> (artifact id: '0768e417faf0f8bae91a6bb0bba02f34') in 0.018220 seconds
  Import took 0.035169 seconds .

========================================================================
Received Import Request.
  Time since last request: 0.982286 seconds.
  path: Assets/Prefabs/Defenders/Cactus.prefab
  artifactKey: Guid(bd02c46ab144e88489a582d573a73022) Importer(815301076,1909f56bfc062723c751e8b465ee728b)
Start importing Assets/Prefabs/Defenders/Cactus.prefab using Guid(bd02c46ab144e88489a582d573a73022) Importer(815301076,1909f56bfc062723c751e8b465ee728b)  -> (artifact id: 'e02de6908fd86af56d4c6ee371527c8b') in 0.039874 seconds
  Import took 0.043615 seconds .

========================================================================
Received Import Request.
  Time since last request: 47.812429 seconds.
  path: Assets/Prefabs/Projectiles
  artifactKey: Guid(da9a779107b230d4c8a6d27917323aed) Importer(815301076,1909f56bfc062723c751e8b465ee728b)
Start importing Assets/Prefabs/Projectiles using Guid(da9a779107b230d4c8a6d27917323aed) Importer(815301076,1909f56bfc062723c751e8b465ee728b)  -> (artifact id: '665f1fb1ceed3282ed9d1c5ee3e25d0e') in 0.006493 seconds
  Import took 0.009692 seconds .

========================================================================
Received Prepare
Refreshing native plugins compatible for Editor in 1.37 ms, found 1 plugins.
Preloading 0 native plugins for Editor in 0.00 ms.
Unloading 6 Unused Serialized files (Serialized files now loaded: 0)
System memory in use before: 52.5 MB.
System memory in use after: 52.6 MB.

Unloading 5 unused Assets to reduce memory usage. Loaded Objects now: 2246.
Total: 2.351200 ms (FindLiveObjects: 0.182600 ms CreateObjectMapping: 0.069200 ms MarkObjects: 2.084300 ms  DeleteObjects: 0.013900 ms)

========================================================================
Received Prepare
Registering precompiled user dll's ...
Registered in 0.000702 seconds.
Begin MonoManager ReloadAssembly
Native extension for WindowsStandalone target not found
Refreshing native plugins compatible for Editor in 0.31 ms, found 1 plugins.
Preloading 0 native plugins for Editor in 0.00 ms.
Invoked RoslynAnalysisRunner static constructor.
RoslynAnalysisRunner will not be running.
RoslynAnalysisRunner has terminated.
Mono: successfully reloaded assembly
- Completed reload, in  0.701 seconds
Platform modules already initialized, skipping
Refreshing native plugins compatible for Editor in 0.31 ms, found 1 plugins.
Preloading 0 native plugins for Editor in 0.00 ms.
Unloading 1781 Unused Serialized files (Serialized files now loaded: 0)
System memory in use before: 87.2 MB.
System memory in use after: 87.3 MB.

Unloading 8 unused Assets to reduce memory usage. Loaded Objects now: 2248.
Total: 1.914400 ms (FindLiveObjects: 0.195800 ms CreateObjectMapping: 0.081600 ms MarkObjects: 1.621600 ms  DeleteObjects: 0.014700 ms)

========================================================================
Received Prepare
Registering precompiled user dll's ...
Registered in 0.000706 seconds.
Begin MonoManager ReloadAssembly
Native extension for WindowsStandalone target not found
Refreshing native plugins compatible for Editor in 0.31 ms, found 1 plugins.
Preloading 0 native plugins for Editor in 0.00 ms.
Invoked RoslynAnalysisRunner static constructor.
RoslynAnalysisRunner will not be running.
RoslynAnalysisRunner has terminated.
Mono: successfully reloaded assembly
- Completed reload, in  0.714 seconds
Platform modules already initialized, skipping
Refreshing native plugins compatible for Editor in 0.30 ms, found 1 plugins.
Preloading 0 native plugins for Editor in 0.00 ms.
Unloading 1781 Unused Serialized files (Serialized files now loaded: 0)
System memory in use before: 87.2 MB.
System memory in use after: 87.4 MB.

Unloading 8 unused Assets to reduce memory usage. Loaded Objects now: 2250.
Total: 1.895600 ms (FindLiveObjects: 0.189200 ms CreateObjectMapping: 0.067300 ms MarkObjects: 1.622200 ms  DeleteObjects: 0.016100 ms)

========================================================================
Received Prepare
Registering precompiled user dll's ...
Registered in 0.000711 seconds.
Begin MonoManager ReloadAssembly
Native extension for WindowsStandalone target not found
Refreshing native plugins compatible for Editor in 0.32 ms, found 1 plugins.
Preloading 0 native plugins for Editor in 0.00 ms.
Invoked RoslynAnalysisRunner static constructor.
RoslynAnalysisRunner will not be running.
RoslynAnalysisRunner has terminated.
Mono: successfully reloaded assembly
- Completed reload, in  0.700 seconds
Platform modules already initialized, skipping
Refreshing native plugins compatible for Editor in 0.31 ms, found 1 plugins.
Preloading 0 native plugins for Editor in 0.00 ms.
Unloading 1781 Unused Serialized files (Serialized files now loaded: 0)
System memory in use before: 87.3 MB.
System memory in use after: 87.4 MB.

Unloading 8 unused Assets to reduce memory usage. Loaded Objects now: 2252.
Total: 1.808600 ms (FindLiveObjects: 0.226600 ms CreateObjectMapping: 0.074500 ms MarkObjects: 1.494000 ms  DeleteObjects: 0.012300 ms)

========================================================================
Received Prepare
Registering precompiled user dll's ...
Registered in 0.000729 seconds.
Begin MonoManager ReloadAssembly
Native extension for WindowsStandalone target not found
Refreshing native plugins compatible for Editor in 0.31 ms, found 1 plugins.
Preloading 0 native plugins for Editor in 0.00 ms.
Invoked RoslynAnalysisRunner static constructor.
RoslynAnalysisRunner will not be running.
RoslynAnalysisRunner has terminated.
Mono: successfully reloaded assembly
- Completed reload, in  0.718 seconds
Platform modules already initialized, skipping
Refreshing native plugins compatible for Editor in 0.31 ms, found 1 plugins.
Preloading 0 native plugins for Editor in 0.00 ms.
Unloading 1781 Unused Serialized files (Serialized files now loaded: 0)
System memory in use before: 87.3 MB.
System memory in use after: 87.4 MB.

Unloading 8 unused Assets to reduce memory usage. Loaded Objects now: 2254.
Total: 1.733400 ms (FindLiveObjects: 0.156600 ms CreateObjectMapping: 0.059400 ms MarkObjects: 1.505200 ms  DeleteObjects: 0.011300 ms)

========================================================================
Received Import Request.
  Time since last request: 126.920665 seconds.
  path: Assets/Prefabs/Projectiles/Zucchini.prefab
  artifactKey: Guid(208b78effda7ac944b539db99bc75459) Importer(815301076,1909f56bfc062723c751e8b465ee728b)
Start importing Assets/Prefabs/Projectiles/Zucchini.prefab using Guid(208b78effda7ac944b539db99bc75459) Importer(815301076,1909f56bfc062723c751e8b465ee728b)  -> (artifact id: '5c2d942f0f46ce4ae3701b25cc5ec0a5') in 0.046434 seconds
  Import took 0.049057 seconds .

========================================================================
Received Prepare
Registering precompiled user dll's ...
Registered in 0.000738 seconds.
Begin MonoManager ReloadAssembly
Native extension for WindowsStandalone target not found
Refreshing native plugins compatible for Editor in 0.32 ms, found 1 plugins.
Preloading 0 native plugins for Editor in 0.00 ms.
Invoked RoslynAnalysisRunner static constructor.
RoslynAnalysisRunner will not be running.
RoslynAnalysisRunner has terminated.
Mono: successfully reloaded assembly
- Completed reload, in  0.675 seconds
Platform modules already initialized, skipping
Refreshing native plugins compatible for Editor in 0.28 ms, found 1 plugins.
Preloading 0 native plugins for Editor in 0.00 ms.
Unloading 1781 Unused Serialized files (Serialized files now loaded: 0)
System memory in use before: 87.3 MB.
System memory in use after: 87.4 MB.

Unloading 8 unused Assets to reduce memory usage. Loaded Objects now: 2257.
Total: 2.076900 ms (FindLiveObjects: 0.252500 ms CreateObjectMapping: 0.066900 ms MarkObjects: 1.744200 ms  DeleteObjects: 0.012400 ms)

AssetImportWorkerClient::OnTransportError - code=2 error=End of file
